<?xml version="1.0" encoding="UTF-8"?>
<!-- Generated by org.testng.reporters.JUnitXMLReporter -->
<testsuite hostname="DESKTOP-9B87PDH" ignored="0" name="Command line test" tests="6" failures="0" timestamp="2021-05-28T19:49:09 IST" time="0.182" errors="0">
  <testcase name="IOSApps" time="0.014" classname="Test.MavenJava.AppiumTest"/>
  <testcase name="nativeAppAndroid" time="0.001" classname="Test.MavenJava.AppiumTest"/>
  <testcase name="deleteTwitter" time="0.002" classname="Test.MavenJava.RESTAPITest"/>
  <testcase name="postJira" time="0.002" classname="Test.MavenJava.RESTAPITest"/>
  <testcase name="BrowserAutomation" time="0.006" classname="Test.MavenJava.SeleniumTest"/>
  <testcase name="elementUi" time="0.001" classname="Test.MavenJava.SeleniumTest"/>
</testsuite> <!-- Command line test -->
