<?xml version="1.0" encoding="UTF-8"?>
<!-- Generated by org.testng.reporters.JUnitXMLReporter -->
<testsuite hostname="DESKTOP-9B87PDH" ignored="0" name="Test" tests="4" failures="0" timestamp="2021-05-28T19:51:06 IST" time="0.096" errors="0">
  <testcase name="IOSApps" time="0.01" classname="Test.MavenJava.AppiumTest"/>
  <testcase name="nativeAppAndroid" time="0.0" classname="Test.MavenJava.AppiumTest"/>
  <testcase name="BrowserAutomation" time="0.0" classname="Test.MavenJava.SeleniumTest"/>
  <testcase name="elementUi" time="0.001" classname="Test.MavenJava.SeleniumTest"/>
</testsuite> <!-- Test -->
